<?xml version="1.0" encoding="UTF-8"?>
<!-- Generated by org.testng.reporters.JUnitXMLReporter -->
<testsuite ignored="3" hostname="DESKTOP-4N84MDJ" failures="0" tests="1" name="Default test" time="244.792" errors="0" timestamp="2024-04-22T18:35:32 IST">
  <testcase classname="sarvm_HHA.Tests.OrderValidation" name="makeMultivendorOrder" time="237.1"/>
  <testcase classname="sarvm_HHA.Tests.OrderValidation" name="makeDeliveryOrder" time="0.0">
    <ignored/>
  </testcase> <!-- makeDeliveryOrder -->
  <testcase classname="sarvm_HHA.Tests.OrderValidation" name="orderCancel" time="0.0">
    <ignored/>
  </testcase> <!-- orderCancel -->
  <testcase classname="sarvm_HHA.Tests.OrderValidation" name="makePickupOrder" time="0.0">
    <ignored/>
  </testcase> <!-- makePickupOrder -->
</testsuite> <!-- Default test -->
