<?xml version="1.0" encoding="UTF-8"?>
<testng-results ignored="3" total="4" passed="1" failed="0" skipped="0">
  <reporter-output>
  </reporter-output>
  <suite started-at="2024-04-22T18:31:27 IST" name="Default suite" finished-at="2024-04-22T18:35:32 IST" duration-ms="244792">
    <groups>
    </groups>
    <test started-at="2024-04-22T18:31:27 IST" name="Default test" finished-at="2024-04-22T18:35:32 IST" duration-ms="244792">
      <class name="sarvm_HHA.Tests.OrderValidation">
        <test-method is-config="true" signature="launchApplication()[pri:0, instance:sarvm_HHA.Tests.OrderValidation@5e0e82ae]" started-at="2024-04-22T18:31:27 IST" name="launchApplication" finished-at="2024-04-22T18:31:34 IST" duration-ms="7229" status="PASS">
          <reporter-output>
          </reporter-output>
        </test-method> <!-- launchApplication -->
        <test-method signature="makeMultivendorOrder()[pri:0, instance:sarvm_HHA.Tests.OrderValidation@5e0e82ae]" started-at="2024-04-22T18:31:34 IST" name="makeMultivendorOrder" finished-at="2024-04-22T18:35:31 IST" duration-ms="237100" status="PASS">
          <reporter-output>
          </reporter-output>
        </test-method> <!-- makeMultivendorOrder -->
        <test-method is-config="true" signature="closeapplication()[pri:0, instance:sarvm_HHA.Tests.OrderValidation@5e0e82ae]" started-at="2024-04-22T18:35:31 IST" name="closeapplication" finished-at="2024-04-22T18:35:32 IST" duration-ms="380" status="PASS">
          <reporter-output>
          </reporter-output>
        </test-method> <!-- closeapplication -->
      </class> <!-- sarvm_HHA.Tests.OrderValidation -->
    </test> <!-- Default test -->
  </suite> <!-- Default suite -->
</testng-results>
